#
# There is insufficient memory for the Java Runtime Environment to continue.
# Native memory allocation (malloc) failed to allocate 33456 bytes for Chunk::new
# Possible reasons:
#   The system is out of physical RAM or swap space
#   The process is running with CompressedOops enabled, and the Java Heap may be blocking the growth of the native heap
# Possible solutions:
#   Reduce memory load on the system
#   Increase physical memory or swap space
#   Check if swap backing store is full
#   Decrease Java heap size (-Xmx/-Xms)
#   Decrease number of Java threads
#   Decrease Java thread stack sizes (-Xss)
#   Set larger code cache with -XX:ReservedCodeCacheSize=
#   JVM is running with Unscaled Compressed Oops mode in which the Java heap is
#     placed in the first 4GB address space. The Java Heap base address is the
#     maximum limit for the native heap growth. Please use -XX:HeapBaseMinAddress
#     to set the Java Heap base and to place the Java Heap above 4GB virtual address.
# This output file may be truncated or incomplete.
#
#  Out of Memory Error (arena.cpp:189), pid=26648, tid=25896
#
# JRE version: Java(TM) SE Runtime Environment (17.0.10+11) (build 17.0.10+11-LTS-240)
# Java VM: Java HotSpot(TM) 64-Bit Server VM (17.0.10+11-LTS-240, mixed mode, sharing, tiered, compressed oops, compressed class ptrs, g1 gc, windows-amd64)
# No core dump will be written. Minidumps are not enabled by default on client versions of Windows
#

---------------  S U M M A R Y ------------

Command Line: -Dfile.encoding=UTF-8 --module-path=C:\Users\Hp\Documents\NetBeansProjects\Bank management system\build\classes bank.management.system.SignupThree

Host: AMD Ryzen 5 5600H with Radeon Graphics         , 12 cores, 7G,  Windows 11 , 64 bit Build 22621 (10.0.22621.3374)
Time: Sun Jul 28 15:48:39 2024 India Standard Time elapsed time: 0.805178 seconds (0d 0h 0m 0s)

---------------  T H R E A D  ---------------

Current thread (0x000001a19399e230):  JavaThread "C2 CompilerThread0" daemon [_thread_in_native, id=25896, stack(0x0000005837c00000,0x0000005837d00000)]


Current CompileTask:
C2:    805  996   !   4       sun.font.TrueTypeFont::getTableBuffer (215 bytes)

Stack: [0x0000005837c00000,0x0000005837d00000]
Native frames: (J=compiled Java code, j=interpreted, Vv=VM code, C=native code)
V  [jvm.dll+0x677a5a]
V  [jvm.dll+0x7d8b2d]
V  [jvm.dll+0x7da48e]
V  [jvm.dll+0x7daaf3]
V  [jvm.dll+0x2455ff]
V  [jvm.dll+0xaaafb]
V  [jvm.dll+0xab09c]
V  [jvm.dll+0x69b04f]
V  [jvm.dll+0x218e70]
V  [jvm.dll+0x216c79]
V  [jvm.dll+0x1a3410]
V  [jvm.dll+0x226aeb]
V  [jvm.dll+0x224cab]
V  [jvm.dll+0x78e45c]
V  [jvm.dll+0x78888a]
V  [jvm.dll+0x676935]
C  [ucrtbase.dll+0x29333]
C  [KERNEL32.DLL+0x1257d]
C  [ntdll.dll+0x5aa48]


---------------  P R O C E S S  ---------------

Threads class SMR info:
_java_thread_list=0x000001a1d975e1b0, length=18, elements={
0x000001a193979100, 0x000001a19397c7b0, 0x000001a193990fd0, 0x000001a193991990,
0x000001a193992350, 0x000001a193994120, 0x000001a19399e230, 0x000001a1939ac210,
0x000001a1939ae740, 0x000001a193beddc0, 0x000001a193c604c0, 0x000001a193e5d340,
0x000001a193e602e0, 0x000001a193cec450, 0x000001a1d9710320, 0x000001a1f5920af0,
0x000001a1d97378a0, 0x000001a1d97688f0
}

Java Threads: ( => current thread )
  0x000001a193979100 JavaThread "Reference Handler" daemon [_thread_blocked, id=18968, stack(0x0000005837600000,0x0000005837700000)]
  0x000001a19397c7b0 JavaThread "Finalizer" daemon [_thread_blocked, id=30552, stack(0x0000005837700000,0x0000005837800000)]
  0x000001a193990fd0 JavaThread "Signal Dispatcher" daemon [_thread_blocked, id=18500, stack(0x0000005837800000,0x0000005837900000)]
  0x000001a193991990 JavaThread "Attach Listener" daemon [_thread_blocked, id=12872, stack(0x0000005837900000,0x0000005837a00000)]
  0x000001a193992350 JavaThread "Service Thread" daemon [_thread_blocked, id=14244, stack(0x0000005837a00000,0x0000005837b00000)]
  0x000001a193994120 JavaThread "Monitor Deflation Thread" daemon [_thread_blocked, id=6936, stack(0x0000005837b00000,0x0000005837c00000)]
=>0x000001a19399e230 JavaThread "C2 CompilerThread0" daemon [_thread_in_native, id=25896, stack(0x0000005837c00000,0x0000005837d00000)]
  0x000001a1939ac210 JavaThread "C1 CompilerThread0" daemon [_thread_blocked, id=9064, stack(0x0000005837d00000,0x0000005837e00000)]
  0x000001a1939ae740 JavaThread "Sweeper thread" daemon [_thread_blocked, id=7740, stack(0x0000005837e00000,0x0000005837f00000)]
  0x000001a193beddc0 JavaThread "Common-Cleaner" daemon [_thread_blocked, id=10808, stack(0x0000005837f00000,0x0000005838000000)]
  0x000001a193c604c0 JavaThread "Notification Thread" daemon [_thread_blocked, id=17292, stack(0x0000005838000000,0x0000005838100000)]
  0x000001a193e5d340 JavaThread "Java2D Disposer" daemon [_thread_blocked, id=24628, stack(0x0000005838200000,0x0000005838300000)]
  0x000001a193e602e0 JavaThread "AWT-Shutdown" [_thread_blocked, id=12688, stack(0x0000005838300000,0x0000005838400000)]
  0x000001a193cec450 JavaThread "AWT-Windows" daemon [_thread_in_native, id=16880, stack(0x0000005838400000,0x0000005838500000)]
  0x000001a1d9710320 JavaThread "AWT-EventQueue-0" [_thread_in_vm, id=26164, stack(0x0000005838f00000,0x0000005839000000)]
  0x000001a1f5920af0 JavaThread "DestroyJavaVM" [_thread_blocked, id=19508, stack(0x0000005836f00000,0x0000005837000000)]
  0x000001a1d97378a0 JavaThread "D3D Screen Updater" daemon [_thread_blocked, id=28288, stack(0x0000005839000000,0x0000005839100000)]
  0x000001a1d97688f0 JavaThread "C2 CompilerThread1" daemon [_thread_in_native, id=7148, stack(0x0000005839100000,0x0000005839200000)]

Other Threads:
  0x000001a1939730f0 VMThread "VM Thread" [stack: 0x0000005837500000,0x0000005837600000] [id=19112]
  0x000001a1f59a9460 WatcherThread [stack: 0x0000005838100000,0x0000005838200000] [id=15356]
  0x000001a1f5975da0 GCTaskThread "GC Thread#0" [stack: 0x0000005837000000,0x0000005837100000] [id=14464]
  0x000001a1f5985830 ConcurrentGCThread "G1 Main Marker" [stack: 0x0000005837100000,0x0000005837200000] [id=9640]
  0x000001a1f5986240 ConcurrentGCThread "G1 Conc#0" [stack: 0x0000005837200000,0x0000005837300000] [id=20084]
  0x000001a1938320b0 ConcurrentGCThread "G1 Refine#0" [stack: 0x0000005837300000,0x0000005837400000] [id=19008]
  0x000001a193832ae0 ConcurrentGCThread "G1 Service" [stack: 0x0000005837400000,0x0000005837500000] [id=17740]

Threads with active compile tasks:
C2 CompilerThread0      826  996   !   4       sun.font.TrueTypeFont::getTableBuffer (215 bytes)
C2 CompilerThread1      826 1001   !   4       sun.nio.cs.UnicodeDecoder::decodeLoop (304 bytes)

VM state: not at safepoint (normal execution)

VM Mutex/Monitor currently owned by a thread:  ([mutex/lock_event])
[0x000001a1f591b380] Metaspace_lock - owner thread: 0x000001a1d9710320

Heap address: 0x000000008a600000, size: 1882 MB, Compressed Oops mode: 32-bit

CDS archive(s) mapped at: [0x000001a194000000-0x000001a194bd0000-0x000001a194bd0000), size 12386304, SharedBaseAddress: 0x000001a194000000, ArchiveRelocationMode: 1.
Compressed class space mapped at: 0x000001a195000000-0x000001a1d5000000, reserved size: 1073741824
Narrow klass base: 0x000001a194000000, Narrow klass shift: 0, Narrow klass range: 0x100000000

GC Precious Log:
 CPUs: 12 total, 12 available
 Memory: 7521M
 Large Page Support: Disabled
 NUMA Support: Disabled
 Compressed Oops: Enabled (32-bit)
 Heap Region Size: 1M
 Heap Min Capacity: 8M
 Heap Initial Capacity: 118M
 Heap Max Capacity: 1882M
 Pre-touch: Disabled
 Parallel Workers: 10
 Concurrent Workers: 3
 Concurrent Refinement Workers: 10
 Periodic GC: Disabled

Heap:
 garbage-first heap   total 120832K, used 17408K [0x000000008a600000, 0x0000000100000000)
  region size 1024K, 15 young (15360K), 0 survivors (0K)
 Metaspace       used 6630K, committed 6784K, reserved 1114112K
  class space    used 725K, committed 832K, reserved 1048576K

Heap Regions: E=young(eden), S=young(survivor), O=old, HS=humongous(starts), HC=humongous(continues), CS=collection set, F=free, OA=open archive, CA=closed archive, TAMS=top-at-mark-start (previous, next)
|   0|0x000000008a600000, 0x000000008a700000, 0x000000008a700000|100%|HS|  |TAMS 0x000000008a600000, 0x000000008a600000| Complete 
|   1|0x000000008a700000, 0x000000008a800000, 0x000000008a800000|100%|HC|  |TAMS 0x000000008a700000, 0x000000008a700000| Complete 
|   2|0x000000008a800000, 0x000000008a900000, 0x000000008a900000|100%|HC|  |TAMS 0x000000008a800000, 0x000000008a800000| Complete 
|   3|0x000000008a900000, 0x000000008aa00000, 0x000000008aa00000|100%|HC|  |TAMS 0x000000008a900000, 0x000000008a900000| Complete 
|   4|0x000000008aa00000, 0x000000008aa00000, 0x000000008ab00000|  0%| F|  |TAMS 0x000000008aa00000, 0x000000008aa00000| Untracked 
|   5|0x000000008ab00000, 0x000000008ab00000, 0x000000008ac00000|  0%| F|  |TAMS 0x000000008ab00000, 0x000000008ab00000| Untracked 
|   6|0x000000008ac00000, 0x000000008ac00000, 0x000000008ad00000|  0%| F|  |TAMS 0x000000008ac00000, 0x000000008ac00000| Untracked 
|   7|0x000000008ad00000, 0x000000008ad00000, 0x000000008ae00000|  0%| F|  |TAMS 0x000000008ad00000, 0x000000008ad00000| Untracked 
|   8|0x000000008ae00000, 0x000000008ae00000, 0x000000008af00000|  0%| F|  |TAMS 0x000000008ae00000, 0x000000008ae00000| Untracked 
|   9|0x000000008af00000, 0x000000008af00000, 0x000000008b000000|  0%| F|  |TAMS 0x000000008af00000, 0x000000008af00000| Untracked 
|  10|0x000000008b000000, 0x000000008b000000, 0x000000008b100000|  0%| F|  |TAMS 0x000000008b000000, 0x000000008b000000| Untracked 
|  11|0x000000008b100000, 0x000000008b100000, 0x000000008b200000|  0%| F|  |TAMS 0x000000008b100000, 0x000000008b100000| Untracked 
|  12|0x000000008b200000, 0x000000008b200000, 0x000000008b300000|  0%| F|  |TAMS 0x000000008b200000, 0x000000008b200000| Untracked 
|  13|0x000000008b300000, 0x000000008b300000, 0x000000008b400000|  0%| F|  |TAMS 0x000000008b300000, 0x000000008b300000| Untracked 
|  14|0x000000008b400000, 0x000000008b400000, 0x000000008b500000|  0%| F|  |TAMS 0x000000008b400000, 0x000000008b400000| Untracked 
|  15|0x000000008b500000, 0x000000008b500000, 0x000000008b600000|  0%| F|  |TAMS 0x000000008b500000, 0x000000008b500000| Untracked 
|  16|0x000000008b600000, 0x000000008b600000, 0x000000008b700000|  0%| F|  |TAMS 0x000000008b600000, 0x000000008b600000| Untracked 
|  17|0x000000008b700000, 0x000000008b700000, 0x000000008b800000|  0%| F|  |TAMS 0x000000008b700000, 0x000000008b700000| Untracked 
|  18|0x000000008b800000, 0x000000008b800000, 0x000000008b900000|  0%| F|  |TAMS 0x000000008b800000, 0x000000008b800000| Untracked 
|  19|0x000000008b900000, 0x000000008b900000, 0x000000008ba00000|  0%| F|  |TAMS 0x000000008b900000, 0x000000008b900000| Untracked 
|  20|0x000000008ba00000, 0x000000008ba00000, 0x000000008bb00000|  0%| F|  |TAMS 0x000000008ba00000, 0x000000008ba00000| Untracked 
|  21|0x000000008bb00000, 0x000000008bb00000, 0x000000008bc00000|  0%| F|  |TAMS 0x000000008bb00000, 0x000000008bb00000| Untracked 
|  22|0x000000008bc00000, 0x000000008bc00000, 0x000000008bd00000|  0%| F|  |TAMS 0x000000008bc00000, 0x000000008bc00000| Untracked 
|  23|0x000000008bd00000, 0x000000008bd00000, 0x000000008be00000|  0%| F|  |TAMS 0x000000008bd00000, 0x000000008bd00000| Untracked 
|  24|0x000000008be00000, 0x000000008be00000, 0x000000008bf00000|  0%| F|  |TAMS 0x000000008be00000, 0x000000008be00000| Untracked 
|  25|0x000000008bf00000, 0x000000008bf00000, 0x000000008c000000|  0%| F|  |TAMS 0x000000008bf00000, 0x000000008bf00000| Untracked 
|  26|0x000000008c000000, 0x000000008c000000, 0x000000008c100000|  0%| F|  |TAMS 0x000000008c000000, 0x000000008c000000| Untracked 
|  27|0x000000008c100000, 0x000000008c100000, 0x000000008c200000|  0%| F|  |TAMS 0x000000008c100000, 0x000000008c100000| Untracked 
|  28|0x000000008c200000, 0x000000008c200000, 0x000000008c300000|  0%| F|  |TAMS 0x000000008c200000, 0x000000008c200000| Untracked 
|  29|0x000000008c300000, 0x000000008c300000, 0x000000008c400000|  0%| F|  |TAMS 0x000000008c300000, 0x000000008c300000| Untracked 
|  30|0x000000008c400000, 0x000000008c400000, 0x000000008c500000|  0%| F|  |TAMS 0x000000008c400000, 0x000000008c400000| Untracked 
|  31|0x000000008c500000, 0x000000008c500000, 0x000000008c600000|  0%| F|  |TAMS 0x000000008c500000, 0x000000008c500000| Untracked 
|  32|0x000000008c600000, 0x000000008c600000, 0x000000008c700000|  0%| F|  |TAMS 0x000000008c600000, 0x000000008c600000| Untracked 
|  33|0x000000008c700000, 0x000000008c700000, 0x000000008c800000|  0%| F|  |TAMS 0x000000008c700000, 0x000000008c700000| Untracked 
|  34|0x000000008c800000, 0x000000008c800000, 0x000000008c900000|  0%| F|  |TAMS 0x000000008c800000, 0x000000008c800000| Untracked 
|  35|0x000000008c900000, 0x000000008c900000, 0x000000008ca00000|  0%| F|  |TAMS 0x000000008c900000, 0x000000008c900000| Untracked 
|  36|0x000000008ca00000, 0x000000008ca00000, 0x000000008cb00000|  0%| F|  |TAMS 0x000000008ca00000, 0x000000008ca00000| Untracked 
|  37|0x000000008cb00000, 0x000000008cb00000, 0x000000008cc00000|  0%| F|  |TAMS 0x000000008cb00000, 0x000000008cb00000| Untracked 
|  38|0x000000008cc00000, 0x000000008cc00000, 0x000000008cd00000|  0%| F|  |TAMS 0x000000008cc00000, 0x000000008cc00000| Untracked 
|  39|0x000000008cd00000, 0x000000008cd00000, 0x000000008ce00000|  0%| F|  |TAMS 0x000000008cd00000, 0x000000008cd00000| Untracked 
|  40|0x000000008ce00000, 0x000000008ce00000, 0x000000008cf00000|  0%| F|  |TAMS 0x000000008ce00000, 0x000000008ce00000| Untracked 
|  41|0x000000008cf00000, 0x000000008cf00000, 0x000000008d000000|  0%| F|  |TAMS 0x000000008cf00000, 0x000000008cf00000| Untracked 
|  42|0x000000008d000000, 0x000000008d000000, 0x000000008d100000|  0%| F|  |TAMS 0x000000008d000000, 0x000000008d000000| Untracked 
|  43|0x000000008d100000, 0x000000008d100000, 0x000000008d200000|  0%| F|  |TAMS 0x000000008d100000, 0x000000008d100000| Untracked 
|  44|0x000000008d200000, 0x000000008d200000, 0x000000008d300000|  0%| F|  |TAMS 0x000000008d200000, 0x000000008d200000| Untracked 
|  45|0x000000008d300000, 0x000000008d300000, 0x000000008d400000|  0%| F|  |TAMS 0x000000008d300000, 0x000000008d300000| Untracked 
|  46|0x000000008d400000, 0x000000008d400000, 0x000000008d500000|  0%| F|  |TAMS 0x000000008d400000, 0x000000008d400000| Untracked 
|  47|0x000000008d500000, 0x000000008d500000, 0x000000008d600000|  0%| F|  |TAMS 0x000000008d500000, 0x000000008d500000| Untracked 
|  48|0x000000008d600000, 0x000000008d600000, 0x000000008d700000|  0%| F|  |TAMS 0x000000008d600000, 0x000000008d600000| Untracked 
|  49|0x000000008d700000, 0x000000008d700000, 0x000000008d800000|  0%| F|  |TAMS 0x000000008d700000, 0x000000008d700000| Untracked 
|  50|0x000000008d800000, 0x000000008d800000, 0x000000008d900000|  0%| F|  |TAMS 0x000000008d800000, 0x000000008d800000| Untracked 
|  51|0x000000008d900000, 0x000000008d900000, 0x000000008da00000|  0%| F|  |TAMS 0x000000008d900000, 0x000000008d900000| Untracked 
|  52|0x000000008da00000, 0x000000008da00000, 0x000000008db00000|  0%| F|  |TAMS 0x000000008da00000, 0x000000008da00000| Untracked 
|  53|0x000000008db00000, 0x000000008db00000, 0x000000008dc00000|  0%| F|  |TAMS 0x000000008db00000, 0x000000008db00000| Untracked 
|  54|0x000000008dc00000, 0x000000008dc00000, 0x000000008dd00000|  0%| F|  |TAMS 0x000000008dc00000, 0x000000008dc00000| Untracked 
|  55|0x000000008dd00000, 0x000000008dd00000, 0x000000008de00000|  0%| F|  |TAMS 0x000000008dd00000, 0x000000008dd00000| Untracked 
|  56|0x000000008de00000, 0x000000008de00000, 0x000000008df00000|  0%| F|  |TAMS 0x000000008de00000, 0x000000008de00000| Untracked 
|  57|0x000000008df00000, 0x000000008df00000, 0x000000008e000000|  0%| F|  |TAMS 0x000000008df00000, 0x000000008df00000| Untracked 
|  58|0x000000008e000000, 0x000000008e000000, 0x000000008e100000|  0%| F|  |TAMS 0x000000008e000000, 0x000000008e000000| Untracked 
|  59|0x000000008e100000, 0x000000008e100000, 0x000000008e200000|  0%| F|  |TAMS 0x000000008e100000, 0x000000008e100000| Untracked 
|  60|0x000000008e200000, 0x000000008e200000, 0x000000008e300000|  0%| F|  |TAMS 0x000000008e200000, 0x000000008e200000| Untracked 
|  61|0x000000008e300000, 0x000000008e300000, 0x000000008e400000|  0%| F|  |TAMS 0x000000008e300000, 0x000000008e300000| Untracked 
|  62|0x000000008e400000, 0x000000008e400000, 0x000000008e500000|  0%| F|  |TAMS 0x000000008e400000, 0x000000008e400000| Untracked 
|  63|0x000000008e500000, 0x000000008e500000, 0x000000008e600000|  0%| F|  |TAMS 0x000000008e500000, 0x000000008e500000| Untracked 
|  64|0x000000008e600000, 0x000000008e600000, 0x000000008e700000|  0%| F|  |TAMS 0x000000008e600000, 0x000000008e600000| Untracked 
|  65|0x000000008e700000, 0x000000008e700000, 0x000000008e800000|  0%| F|  |TAMS 0x000000008e700000, 0x000000008e700000| Untracked 
|  66|0x000000008e800000, 0x000000008e800000, 0x000000008e900000|  0%| F|  |TAMS 0x000000008e800000, 0x000000008e800000| Untracked 
|  67|0x000000008e900000, 0x000000008e900000, 0x000000008ea00000|  0%| F|  |TAMS 0x000000008e900000, 0x000000008e900000| Untracked 
|  68|0x000000008ea00000, 0x000000008ea00000, 0x000000008eb00000|  0%| F|  |TAMS 0x000000008ea00000, 0x000000008ea00000| Untracked 
|  69|0x000000008eb00000, 0x000000008eb00000, 0x000000008ec00000|  0%| F|  |TAMS 0x000000008eb00000, 0x000000008eb00000| Untracked 
|  70|0x000000008ec00000, 0x000000008ec00000, 0x000000008ed00000|  0%| F|  |TAMS 0x000000008ec00000, 0x000000008ec00000| Untracked 
|  71|0x000000008ed00000, 0x000000008ed00000, 0x000000008ee00000|  0%| F|  |TAMS 0x000000008ed00000, 0x000000008ed00000| Untracked 
|  72|0x000000008ee00000, 0x000000008ee00000, 0x000000008ef00000|  0%| F|  |TAMS 0x000000008ee00000, 0x000000008ee00000| Untracked 
|  73|0x000000008ef00000, 0x000000008ef00000, 0x000000008f000000|  0%| F|  |TAMS 0x000000008ef00000, 0x000000008ef00000| Untracked 
|  74|0x000000008f000000, 0x000000008f000000, 0x000000008f100000|  0%| F|  |TAMS 0x000000008f000000, 0x000000008f000000| Untracked 
|  75|0x000000008f100000, 0x000000008f100000, 0x000000008f200000|  0%| F|  |TAMS 0x000000008f100000, 0x000000008f100000| Untracked 
|  76|0x000000008f200000, 0x000000008f200000, 0x000000008f300000|  0%| F|  |TAMS 0x000000008f200000, 0x000000008f200000| Untracked 
|  77|0x000000008f300000, 0x000000008f300000, 0x000000008f400000|  0%| F|  |TAMS 0x000000008f300000, 0x000000008f300000| Untracked 
|  78|0x000000008f400000, 0x000000008f400000, 0x000000008f500000|  0%| F|  |TAMS 0x000000008f400000, 0x000000008f400000| Untracked 
|  79|0x000000008f500000, 0x000000008f500000, 0x000000008f600000|  0%| F|  |TAMS 0x000000008f500000, 0x000000008f500000| Untracked 
|  80|0x000000008f600000, 0x000000008f600000, 0x000000008f700000|  0%| F|  |TAMS 0x000000008f600000, 0x000000008f600000| Untracked 
|  81|0x000000008f700000, 0x000000008f700000, 0x000000008f800000|  0%| F|  |TAMS 0x000000008f700000, 0x000000008f700000| Untracked 
|  82|0x000000008f800000, 0x000000008f800000, 0x000000008f900000|  0%| F|  |TAMS 0x000000008f800000, 0x000000008f800000| Untracked 
|  83|0x000000008f900000, 0x000000008f900000, 0x000000008fa00000|  0%| F|  |TAMS 0x000000008f900000, 0x000000008f900000| Untracked 
|  84|0x000000008fa00000, 0x000000008fa00000, 0x000000008fb00000|  0%| F|  |TAMS 0x000000008fa00000, 0x000000008fa00000| Untracked 
|  85|0x000000008fb00000, 0x000000008fb00000, 0x000000008fc00000|  0%| F|  |TAMS 0x000000008fb00000, 0x000000008fb00000| Untracked 
|  86|0x000000008fc00000, 0x000000008fc00000, 0x000000008fd00000|  0%| F|  |TAMS 0x000000008fc00000, 0x000000008fc00000| Untracked 
|  87|0x000000008fd00000, 0x000000008fd00000, 0x000000008fe00000|  0%| F|  |TAMS 0x000000008fd00000, 0x000000008fd00000| Untracked 
|  88|0x000000008fe00000, 0x000000008fe00000, 0x000000008ff00000|  0%| F|  |TAMS 0x000000008fe00000, 0x000000008fe00000| Untracked 
|  89|0x000000008ff00000, 0x000000008ff00000, 0x0000000090000000|  0%| F|  |TAMS 0x000000008ff00000, 0x000000008ff00000| Untracked 
|  90|0x0000000090000000, 0x0000000090000000, 0x0000000090100000|  0%| F|  |TAMS 0x0000000090000000, 0x0000000090000000| Untracked 
|  91|0x0000000090100000, 0x0000000090100000, 0x0000000090200000|  0%| F|  |TAMS 0x0000000090100000, 0x0000000090100000| Untracked 
|  92|0x0000000090200000, 0x0000000090200000, 0x0000000090300000|  0%| F|  |TAMS 0x0000000090200000, 0x0000000090200000| Untracked 
|  93|0x0000000090300000, 0x0000000090300000, 0x0000000090400000|  0%| F|  |TAMS 0x0000000090300000, 0x0000000090300000| Untracked 
|  94|0x0000000090400000, 0x0000000090400000, 0x0000000090500000|  0%| F|  |TAMS 0x0000000090400000, 0x0000000090400000| Untracked 
|  95|0x0000000090500000, 0x0000000090500000, 0x0000000090600000|  0%| F|  |TAMS 0x0000000090500000, 0x0000000090500000| Untracked 
|  96|0x0000000090600000, 0x0000000090600000, 0x0000000090700000|  0%| F|  |TAMS 0x0000000090600000, 0x0000000090600000| Untracked 
|  97|0x0000000090700000, 0x0000000090700000, 0x0000000090800000|  0%| F|  |TAMS 0x0000000090700000, 0x0000000090700000| Untracked 
|  98|0x0000000090800000, 0x0000000090800000, 0x0000000090900000|  0%| F|  |TAMS 0x0000000090800000, 0x0000000090800000| Untracked 
|  99|0x0000000090900000, 0x0000000090900000, 0x0000000090a00000|  0%| F|  |TAMS 0x0000000090900000, 0x0000000090900000| Untracked 
| 100|0x0000000090a00000, 0x0000000090a00000, 0x0000000090b00000|  0%| F|  |TAMS 0x0000000090a00000, 0x0000000090a00000| Untracked 
| 101|0x0000000090b00000, 0x0000000090b00000, 0x0000000090c00000|  0%| F|  |TAMS 0x0000000090b00000, 0x0000000090b00000| Untracked 
| 102|0x0000000090c00000, 0x0000000090c00000, 0x0000000090d00000|  0%| F|  |TAMS 0x0000000090c00000, 0x0000000090c00000| Untracked 
| 103|0x0000000090d00000, 0x0000000090decb48, 0x0000000090e00000| 92%| E|  |TAMS 0x0000000090d00000, 0x0000000090d00000| Complete 
| 104|0x0000000090e00000, 0x0000000090f00000, 0x0000000090f00000|100%| E|CS|TAMS 0x0000000090e00000, 0x0000000090e00000| Complete 
| 105|0x0000000090f00000, 0x0000000091000000, 0x0000000091000000|100%| E|CS|TAMS 0x0000000090f00000, 0x0000000090f00000| Complete 
| 106|0x0000000091000000, 0x0000000091100000, 0x0000000091100000|100%| E|CS|TAMS 0x0000000091000000, 0x0000000091000000| Complete 
| 107|0x0000000091100000, 0x0000000091200000, 0x0000000091200000|100%| E|CS|TAMS 0x0000000091100000, 0x0000000091100000| Complete 
| 108|0x0000000091200000, 0x0000000091300000, 0x0000000091300000|100%| E|CS|TAMS 0x0000000091200000, 0x0000000091200000| Complete 
| 109|0x0000000091300000, 0x0000000091400000, 0x0000000091400000|100%| E|CS|TAMS 0x0000000091300000, 0x0000000091300000| Complete 
| 110|0x0000000091400000, 0x0000000091500000, 0x0000000091500000|100%| E|CS|TAMS 0x0000000091400000, 0x0000000091400000| Complete 
| 111|0x0000000091500000, 0x0000000091600000, 0x0000000091600000|100%| E|CS|TAMS 0x0000000091500000, 0x0000000091500000| Complete 
| 112|0x0000000091600000, 0x0000000091700000, 0x0000000091700000|100%| E|CS|TAMS 0x0000000091600000, 0x0000000091600000| Complete 
| 113|0x0000000091700000, 0x0000000091800000, 0x0000000091800000|100%| E|CS|TAMS 0x0000000091700000, 0x0000000091700000| Complete 
| 114|0x0000000091800000, 0x0000000091900000, 0x0000000091900000|100%| E|CS|TAMS 0x0000000091800000, 0x0000000091800000| Complete 
| 115|0x0000000091900000, 0x0000000091a00000, 0x0000000091a00000|100%| E|CS|TAMS 0x0000000091900000, 0x0000000091900000| Complete 
| 116|0x0000000091a00000, 0x0000000091b00000, 0x0000000091b00000|100%| E|  |TAMS 0x0000000091a00000, 0x0000000091a00000| Complete 
| 117|0x0000000091b00000, 0x0000000091c00000, 0x0000000091c00000|100%| E|CS|TAMS 0x0000000091b00000, 0x0000000091b00000| Complete 

Card table byte_map: [0x000001a1fdad0000,0x000001a1fde80000] _byte_map_base: 0x000001a1fd67d000

Marking Bits (Prev, Next): (CMBitMap*) 0x000001a1f59763c0, (CMBitMap*) 0x000001a1f5976400
 Prev Bits: [0x000001a1fe230000, 0x000001a1fff98000)
 Next Bits: [0x000001a18f000000, 0x000001a190d68000)

Polling page: 0x000001a1f50f0000

Metaspace:

Usage:
  Non-class:      5.77 MB used.
      Class:    725.92 KB used.
       Both:      6.48 MB used.

Virtual space:
  Non-class space:       64.00 MB reserved,       5.81 MB (  9%) committed,  1 nodes.
      Class space:        1.00 GB reserved,     832.00 KB ( <1%) committed,  1 nodes.
             Both:        1.06 GB reserved,       6.62 MB ( <1%) committed. 

Chunk freelists:
   Non-Class:  10.14 MB
       Class:  15.24 MB
        Both:  25.38 MB

MaxMetaspaceSize: unlimited
CompressedClassSpaceSize: 1.00 GB
Initial GC threshold: 21.00 MB
Current GC threshold: 21.00 MB
CDS: on
MetaspaceReclaimPolicy: balanced
 - commit_granule_bytes: 65536.
 - commit_granule_words: 8192.
 - virtual_space_node_default_size: 8388608.
 - enlarge_chunks_in_place: 1.
 - new_chunks_are_fully_committed: 0.
 - uncommit_free_chunks: 1.
 - use_allocation_guard: 0.
 - handle_deallocations: 1.


Internal statistics:

num_allocs_failed_limit: 0.
num_arena_births: 106.
num_arena_deaths: 0.
num_vsnodes_births: 2.
num_vsnodes_deaths: 0.
num_space_committed: 106.
num_space_uncommitted: 0.
num_chunks_returned_to_freelist: 0.
num_chunks_taken_from_freelist: 149.
num_chunk_merges: 0.
num_chunk_splits: 81.
num_chunks_enlarged: 21.
num_inconsistent_stats: 0.

CodeHeap 'non-profiled nmethods': size=120000Kb used=266Kb max_used=266Kb free=119733Kb
 bounds [0x000001a187ad0000, 0x000001a187d40000, 0x000001a18f000000]
CodeHeap 'profiled nmethods': size=120000Kb used=1597Kb max_used=1597Kb free=118403Kb
 bounds [0x000001a180000000, 0x000001a180270000, 0x000001a187530000]
CodeHeap 'non-nmethods': size=5760Kb used=1249Kb max_used=1264Kb free=4510Kb
 bounds [0x000001a187530000, 0x000001a1877a0000, 0x000001a187ad0000]
 total_blobs=1566 nmethods=997 adapters=482
 compilation: enabled
              stopped_count=0, restarted_count=0
 full_count=0

Compilation events (20 events):
Event: 0.782 Thread 0x000001a19399e230 nmethod 987 0x000001a187b11590 code [0x000001a187b11700, 0x000001a187b117f8]
Event: 0.782 Thread 0x000001a19399e230  988       4       java.nio.ByteBuffer::flip (7 bytes)
Event: 0.783 Thread 0x000001a19399e230 nmethod 988 0x000001a187b11910 code [0x000001a187b11a80, 0x000001a187b11b18]
Event: 0.783 Thread 0x000001a1939ac210  989   !   3       sun.nio.cs.UnicodeDecoder::decodeLoop (304 bytes)
Event: 0.783 Thread 0x000001a19399e230  990       4       java.nio.Buffer::remaining (20 bytes)
Event: 0.784 Thread 0x000001a19399e230 nmethod 990 0x000001a187b11c10 code [0x000001a187b11d80, 0x000001a187b11e18]
Event: 0.784 Thread 0x000001a19399e230  991       4       java.nio.Buffer::hasRemaining (17 bytes)
Event: 0.784 Thread 0x000001a19399e230 nmethod 991 0x000001a187b11f10 code [0x000001a187b12080, 0x000001a187b12118]
Event: 0.784 Thread 0x000001a19399e230  992       4       java.nio.HeapCharBuffer::put (16 bytes)
Event: 0.785 Thread 0x000001a1939ac210 nmethod 989 0x000001a180187d10 code [0x000001a180188100, 0x000001a18018a0b8]
Event: 0.785 Thread 0x000001a1939ac210  994       3       java.util.HashSet::toArray (16 bytes)
Event: 0.785 Thread 0x000001a1939ac210 nmethod 994 0x000001a18018ad90 code [0x000001a18018af40, 0x000001a18018b158]
Event: 0.785 Thread 0x000001a1939ac210  995       3       java.util.HashMap::prepareArray (38 bytes)
Event: 0.785 Thread 0x000001a19399e230 nmethod 992 0x000001a187b12210 code [0x000001a187b12380, 0x000001a187b12478]
Event: 0.785 Thread 0x000001a19399e230  993       4       sun.nio.cs.UnicodeDecoder::decode (24 bytes)
Event: 0.785 Thread 0x000001a1939ac210 nmethod 995 0x000001a18018b210 code [0x000001a18018b400, 0x000001a18018ba18]
Event: 0.785 Thread 0x000001a19399e230 nmethod 993 0x000001a187b12590 code [0x000001a187b12700, 0x000001a187b127b8]
Event: 0.786 Thread 0x000001a19399e230  996   !   4       sun.font.TrueTypeFont::getTableBuffer (215 bytes)
Event: 0.789 Thread 0x000001a1939ac210  997       3       java.lang.StringUTF16::newBytesFor (61 bytes)
Event: 0.789 Thread 0x000001a1939ac210 nmethod 997 0x000001a18018bc10 code [0x000001a18018be80, 0x000001a18018c768]

GC Heap History (0 events):
No events

Deoptimization events (20 events):
Event: 0.472 Thread 0x000001a1f5920af0 Uncommon trap: trap_request=0xffffff45 fr.pc=0x000001a187af85f0 relative=0x00000000000004b0
Event: 0.472 Thread 0x000001a1f5920af0 Uncommon trap: reason=unstable_if action=reinterpret pc=0x000001a187af85f0 method=java.lang.StringLatin1.replace([BCC)Ljava/lang/String; @ 19 c2
Event: 0.472 Thread 0x000001a1f5920af0 DEOPT PACKING pc=0x000001a187af85f0 sp=0x0000005836ffe630
Event: 0.472 Thread 0x000001a1f5920af0 DEOPT UNPACKING pc=0x000001a1875823a3 sp=0x0000005836ffe5b0 mode 2
Event: 0.572 Thread 0x000001a1d9710320 Uncommon trap: trap_request=0xffffff45 fr.pc=0x000001a187b01340 relative=0x0000000000000480
Event: 0.572 Thread 0x000001a1d9710320 Uncommon trap: reason=unstable_if action=reinterpret pc=0x000001a187b01340 method=java.lang.StringLatin1.toLowerCase(Ljava/lang/String;[BLjava/util/Locale;)Ljava/lang/String; @ 43 c2
Event: 0.572 Thread 0x000001a1d9710320 DEOPT PACKING pc=0x000001a187b01340 sp=0x0000005838ffd0d0
Event: 0.572 Thread 0x000001a1d9710320 DEOPT UNPACKING pc=0x000001a1875823a3 sp=0x0000005838ffd040 mode 2
Event: 0.649 Thread 0x000001a1d9710320 DEOPT PACKING pc=0x000001a180016e67 sp=0x0000005838ffcd40
Event: 0.649 Thread 0x000001a1d9710320 DEOPT UNPACKING pc=0x000001a187582b43 sp=0x0000005838ffc160 mode 0
Event: 0.724 Thread 0x000001a1d9710320 DEOPT PACKING pc=0x000001a180007bd1 sp=0x0000005838ffc730
Event: 0.724 Thread 0x000001a1d9710320 DEOPT UNPACKING pc=0x000001a187582b43 sp=0x0000005838ffbba8 mode 0
Event: 0.757 Thread 0x000001a1d9710320 Uncommon trap: trap_request=0xffffff45 fr.pc=0x000001a187adad30 relative=0x00000000000001b0
Event: 0.757 Thread 0x000001a1d9710320 Uncommon trap: reason=unstable_if action=reinterpret pc=0x000001a187adad30 method=java.lang.String.isLatin1()Z @ 10 c2
Event: 0.757 Thread 0x000001a1d9710320 DEOPT PACKING pc=0x000001a187adad30 sp=0x0000005838ffcee0
Event: 0.757 Thread 0x000001a1d9710320 DEOPT UNPACKING pc=0x000001a1875823a3 sp=0x0000005838ffce10 mode 2
Event: 0.782 Thread 0x000001a1d9710320 Uncommon trap: trap_request=0xffffff45 fr.pc=0x000001a187b0ffb4 relative=0x0000000000000374
Event: 0.782 Thread 0x000001a1d9710320 Uncommon trap: reason=unstable_if action=reinterpret pc=0x000001a187b0ffb4 method=java.lang.Character.isSurrogate(C)Z @ 3 c2
Event: 0.782 Thread 0x000001a1d9710320 DEOPT PACKING pc=0x000001a187b0ffb4 sp=0x0000005838ffcbe0
Event: 0.782 Thread 0x000001a1d9710320 DEOPT UNPACKING pc=0x000001a1875823a3 sp=0x0000005838ffcaf8 mode 2

Classes unloaded (0 events):
No events

Classes redefined (0 events):
No events

Internal exceptions (17 events):
Event: 0.085 Thread 0x000001a1f5920af0 Exception <a 'sun/nio/fs/WindowsException'{0x0000000091a40268}> (0x0000000091a40268) 
thrown [s\open\src\hotspot\share\prims\jni.cpp, line 516]
Event: 0.085 Thread 0x000001a1f5920af0 Exception <a 'sun/nio/fs/WindowsException'{0x0000000091a407c8}> (0x0000000091a407c8) 
thrown [s\open\src\hotspot\share\prims\jni.cpp, line 516]
Event: 0.086 Thread 0x000001a1f5920af0 Exception <a 'sun/nio/fs/WindowsException'{0x0000000091a42b98}> (0x0000000091a42b98) 
thrown [s\open\src\hotspot\share\prims\jni.cpp, line 516]
Event: 0.087 Thread 0x000001a1f5920af0 Exception <a 'sun/nio/fs/WindowsException'{0x0000000091a43670}> (0x0000000091a43670) 
thrown [s\open\src\hotspot\share\prims\jni.cpp, line 516]
Event: 0.087 Thread 0x000001a1f5920af0 Exception <a 'sun/nio/fs/WindowsException'{0x0000000091a44160}> (0x0000000091a44160) 
thrown [s\open\src\hotspot\share\prims\jni.cpp, line 516]
Event: 0.161 Thread 0x000001a1f5920af0 Exception <a 'java/lang/ClassNotFoundException'{0x0000000091afa920}: sun/awt/resources/spi/awtProvider> (0x0000000091afa920) 
thrown [s\open\src\hotspot\share\classfile\systemDictionary.cpp, line 256]
Event: 0.185 Thread 0x000001a1f5920af0 Exception <a 'java/io/FileNotFoundException'{0x0000000091966a68}> (0x0000000091966a68) 
thrown [s\open\src\hotspot\share\prims\jni.cpp, line 516]
Event: 0.192 Thread 0x000001a1f5920af0 Exception <a 'java/io/FileNotFoundException'{0x0000000091993ca0}> (0x0000000091993ca0) 
thrown [s\open\src\hotspot\share\prims\jni.cpp, line 516]
Event: 0.234 Thread 0x000001a1f5920af0 Exception <a 'java/lang/NoSuchMethodError'{0x00000000919d7f58}: 'java.lang.Object java.lang.invoke.DirectMethodHandle$Holder.invokeStaticInit(java.lang.Object)'> (0x00000000919d7f58) 
thrown [s\open\src\hotspot\share\interpreter\linkResolver.cpp, line 759]
Event: 0.344 Thread 0x000001a1f5920af0 Exception <a 'java/lang/NoSuchMethodError'{0x000000009189bdb0}: 'void java.lang.invoke.DirectMethodHandle$Holder.invokeSpecial(java.lang.Object, java.lang.Object, java.lang.Object)'> (0x000000009189bdb0) 
thrown [s\open\src\hotspot\share\interpreter\linkResolver.cpp, line 759]
Event: 0.353 Thread 0x000001a1f5920af0 Exception <a 'java/lang/NoSuchMethodError'{0x00000000918c5ee0}: 'java.lang.Object java.lang.invoke.DirectMethodHandle$Holder.newInvokeSpecial(java.lang.Object, java.lang.Object, java.lang.Object, java.lang.Object, java.lang.Object)'> (0x00000000918c5ee0) 
thrown [s\open\src\hotspot\share\interpreter\linkResolver.cpp, line 759]
Event: 0.354 Thread 0x000001a1f5920af0 Exception <a 'java/lang/NoSuchMethodError'{0x00000000918d18a8}: 'java.lang.Object java.lang.invoke.DirectMethodHandle$Holder.invokeStatic(java.lang.Object, int, java.lang.Object, java.lang.Object, java.lang.Object, java.lang.Object)'> (0x00000000918d18a8) 
thrown [s\open\src\hotspot\share\interpreter\linkResolver.cpp, line 759]
Event: 0.359 Thread 0x000001a1f5920af0 Exception <a 'java/lang/NoSuchMethodError'{0x00000000918f72a8}: 'java.lang.Object java.lang.invoke.DirectMethodHandle$Holder.invokeStatic(java.lang.Object, int, java.lang.Object)'> (0x00000000918f72a8) 
thrown [s\open\src\hotspot\share\interpreter\linkResolver.cpp, line 759]
Event: 0.387 Thread 0x000001a1f5920af0 Exception <a 'java/lang/ClassNotFoundException'{0x00000000917af208}: com/sun/swing/internal/plaf/metal/resources/spi/metalProvider> (0x00000000917af208) 
thrown [s\open\src\hotspot\share\classfile\systemDictionary.cpp, line 256]
Event: 0.387 Thread 0x000001a1f5920af0 Exception <a 'java/lang/ClassNotFoundException'{0x00000000917b3060}: com/sun/swing/internal/plaf/basic/resources/spi/basicProvider> (0x00000000917b3060) 
thrown [s\open\src\hotspot\share\classfile\systemDictionary.cpp, line 256]
Event: 0.423 Thread 0x000001a193cec450 Exception <a 'java/lang/NoSuchMethodError'{0x0000000091810290}: 'void java.lang.invoke.DirectMethodHandle$Holder.invokeVirtual(java.lang.Object, java.lang.Object)'> (0x0000000091810290) 
thrown [s\open\src\hotspot\share\interpreter\linkResolver.cpp, line 759]
Event: 0.440 Thread 0x000001a1f5920af0 Exception <a 'java/lang/NoSuchMethodError'{0x000000009161bb48}: 'void java.lang.invoke.DirectMethodHandle$Holder.invokeStaticInit(java.lang.Object)'> (0x000000009161bb48) 
thrown [s\open\src\hotspot\share\interpreter\linkResolver.cpp, line 759]

VM Operations (6 events):
Event: 0.088 Executing VM operation: HandshakeAllThreads
Event: 0.088 Executing VM operation: HandshakeAllThreads done
Event: 0.401 Executing VM operation: HandshakeAllThreads
Event: 0.401 Executing VM operation: HandshakeAllThreads done
Event: 0.461 Executing VM operation: HandshakeAllThreads
Event: 0.461 Executing VM operation: HandshakeAllThreads done

Events (20 events):
Event: 0.564 loading class sun/font/TrueTypeFont$DirectoryEntry
Event: 0.564 loading class sun/font/TrueTypeFont$DirectoryEntry done
Event: 0.564 loading class java/nio/ByteBufferAsShortBufferB
Event: 0.564 loading class java/nio/ShortBuffer
Event: 0.565 loading class java/nio/ShortBuffer done
Event: 0.565 loading class java/nio/ByteBufferAsShortBufferB done
Event: 0.565 loading class sun/nio/cs/UTF_16$Decoder
Event: 0.566 loading class sun/nio/cs/UnicodeDecoder
Event: 0.566 loading class sun/nio/cs/UnicodeDecoder done
Event: 0.566 loading class sun/nio/cs/UTF_16$Decoder done
Event: 0.572 loading class sun/font/SunFontManager$4
Event: 0.573 loading class sun/font/SunFontManager$4 done
Event: 0.579 loading class jdk/internal/misc/ScopedMemoryAccess$Scope
Event: 0.579 loading class jdk/internal/misc/ScopedMemoryAccess$Scope done
Event: 0.593 loading class sun/font/SunFontManager$9
Event: 0.593 loading class sun/font/SunFontManager$9 done
Event: 0.594 loading class sun/font/SunFontManager$10
Event: 0.594 loading class sun/font/SunFontManager$10 done
Event: 0.769 loading class jdk/internal/access/foreign/MemorySegmentProxy
Event: 0.769 loading class jdk/internal/access/foreign/MemorySegmentProxy done


Dynamic libraries:
0x00007ff6a4cb0000 - 0x00007ff6a4cc0000 	C:\Program Files\Java\jdk-17\bin\java.exe
0x00007ff807190000 - 0x00007ff8073a6000 	C:\WINDOWS\SYSTEM32\ntdll.dll
0x00007ff805960000 - 0x00007ff805a24000 	C:\WINDOWS\System32\KERNEL32.DLL
0x00007ff804980000 - 0x00007ff804d27000 	C:\WINDOWS\System32\KERNELBASE.dll
0x00007ff804d30000 - 0x00007ff804e41000 	C:\WINDOWS\System32\ucrtbase.dll
0x00007fffd8420000 - 0x00007fffd8439000 	C:\Program Files\Java\jdk-17\bin\jli.dll
0x00007ffffe070000 - 0x00007ffffe08b000 	C:\Program Files\Java\jdk-17\bin\VCRUNTIME140.dll
0x00007ff806fb0000 - 0x00007ff807062000 	C:\WINDOWS\System32\ADVAPI32.dll
0x00007ff806ec0000 - 0x00007ff806f67000 	C:\WINDOWS\System32\msvcrt.dll
0x00007ff805790000 - 0x00007ff805838000 	C:\WINDOWS\System32\sechost.dll
0x00007ff804610000 - 0x00007ff804638000 	C:\WINDOWS\System32\bcrypt.dll
0x00007ff805840000 - 0x00007ff805955000 	C:\WINDOWS\System32\RPCRT4.dll
0x00007ff805fc0000 - 0x00007ff80616e000 	C:\WINDOWS\System32\USER32.dll
0x00007ff804640000 - 0x00007ff804666000 	C:\WINDOWS\System32\win32u.dll
0x00007ff805760000 - 0x00007ff805789000 	C:\WINDOWS\System32\GDI32.dll
0x00007fffee270000 - 0x00007fffee503000 	C:\WINDOWS\WinSxS\amd64_microsoft.windows.common-controls_6595b64144ccf1df_6.0.22621.3235_none_270f74e173860f98\COMCTL32.dll
0x00007ff8046f0000 - 0x00007ff804809000 	C:\WINDOWS\System32\gdi32full.dll
0x00007ff8044b0000 - 0x00007ff80454a000 	C:\WINDOWS\System32\msvcp_win.dll
0x00007ffffc180000 - 0x00007ffffc18a000 	C:\WINDOWS\SYSTEM32\VERSION.dll
0x00007ff806f70000 - 0x00007ff806fa1000 	C:\WINDOWS\System32\IMM32.DLL
0x00007ff801820000 - 0x00007ff80182c000 	C:\Program Files\Java\jdk-17\bin\vcruntime140_1.dll
0x00007fffef870000 - 0x00007fffef8fe000 	C:\Program Files\Java\jdk-17\bin\msvcp140.dll
0x00007fff7a7c0000 - 0x00007fff7b39f000 	C:\Program Files\Java\jdk-17\bin\server\jvm.dll
0x00007ff804ec0000 - 0x00007ff804ec8000 	C:\WINDOWS\System32\PSAPI.DLL
0x00007ff801840000 - 0x00007ff801849000 	C:\WINDOWS\SYSTEM32\WSOCK32.dll
0x00007ffffca20000 - 0x00007ffffca54000 	C:\WINDOWS\SYSTEM32\WINMM.dll
0x00007ff804f00000 - 0x00007ff804f71000 	C:\WINDOWS\System32\WS2_32.dll
0x00007ff8034f0000 - 0x00007ff803508000 	C:\WINDOWS\SYSTEM32\kernel.appcore.dll
0x00007ff8017e0000 - 0x00007ff8017ea000 	C:\Program Files\Java\jdk-17\bin\jimage.dll
0x00007ffff9e00000 - 0x00007ffffa033000 	C:\WINDOWS\SYSTEM32\DBGHELP.DLL
0x00007ff805c30000 - 0x00007ff805fb8000 	C:\WINDOWS\System32\combase.dll
0x00007ff8054b0000 - 0x00007ff805587000 	C:\WINDOWS\System32\OLEAUT32.dll
0x00007fffe6950000 - 0x00007fffe6982000 	C:\WINDOWS\SYSTEM32\dbgcore.DLL
0x00007ff804670000 - 0x00007ff8046e9000 	C:\WINDOWS\System32\bcryptPrimitives.dll
0x00007ffffdd70000 - 0x00007ffffdd95000 	C:\Program Files\Java\jdk-17\bin\java.dll
0x00007fffee810000 - 0x00007fffee8e7000 	C:\Program Files\Java\jdk-17\bin\jsvml.dll
0x00007ff806490000 - 0x00007ff806cec000 	C:\WINDOWS\System32\SHELL32.dll
0x00007ff802410000 - 0x00007ff802d09000 	C:\WINDOWS\SYSTEM32\windows.storage.dll
0x00007ff8022d0000 - 0x00007ff80240e000 	C:\WINDOWS\SYSTEM32\wintypes.dll
0x00007ff805a30000 - 0x00007ff805b23000 	C:\WINDOWS\System32\SHCORE.dll
0x00007ff8070f0000 - 0x00007ff80714e000 	C:\WINDOWS\System32\shlwapi.dll
0x00007ff8043e0000 - 0x00007ff804401000 	C:\WINDOWS\SYSTEM32\profapi.dll
0x00007ffff0680000 - 0x00007ffff0699000 	C:\Program Files\Java\jdk-17\bin\net.dll
0x00007ffffdef0000 - 0x00007ffffe026000 	C:\WINDOWS\SYSTEM32\WINHTTP.dll
0x00007ff803960000 - 0x00007ff8039c9000 	C:\WINDOWS\system32\mswsock.dll
0x00007ffff0660000 - 0x00007ffff0676000 	C:\Program Files\Java\jdk-17\bin\nio.dll
0x00007ffff0640000 - 0x00007ffff0658000 	C:\Program Files\Java\jdk-17\bin\zip.dll
0x00007fffc6550000 - 0x00007fffc66e1000 	C:\Program Files\Java\jdk-17\bin\awt.dll
0x00007ff801860000 - 0x00007ff8018f7000 	C:\WINDOWS\SYSTEM32\apphelp.dll
0x00007ff801c90000 - 0x00007ff801cbb000 	C:\WINDOWS\system32\DWMAPI.DLL
0x00007ff8019d0000 - 0x00007ff801a7b000 	C:\WINDOWS\system32\uxtheme.dll
0x00007fff985f0000 - 0x00007fff986f0000 	C:\WINDOWS\system32\opengl32.dll
0x00007fffa4490000 - 0x00007fffa44bd000 	C:\WINDOWS\SYSTEM32\GLU32.dll
0x00007ff801b30000 - 0x00007ff801b69000 	C:\WINDOWS\SYSTEM32\dxcore.dll
0x00007ff806330000 - 0x00007ff806483000 	C:\WINDOWS\System32\MSCTF.dll
0x00007ff8055b0000 - 0x00007ff805755000 	C:\WINDOWS\System32\ole32.dll
0x00007fff9c490000 - 0x00007fff9c639000 	C:\WINDOWS\system32\d3d9.dll
0x00007ffff90d0000 - 0x00007ffff928b000 	C:\WINDOWS\System32\DriverStore\FileRepository\u0382224.inf_amd64_c734d32d6997cdb7\B380779\aticfx64.dll
0x00007fffdc740000 - 0x00007fffdc774000 	C:\WINDOWS\System32\DriverStore\FileRepository\u0382224.inf_amd64_c734d32d6997cdb7\B380779\atiu9p64.dll
0x00007fff993b0000 - 0x00007fff9a105000 	C:\WINDOWS\System32\DriverStore\FileRepository\u0382224.inf_amd64_c734d32d6997cdb7\B380779\atiumd64.dll
0x0000000073e50000 - 0x0000000074d76000 	C:\WINDOWS\System32\DriverStore\FileRepository\u0382224.inf_amd64_c734d32d6997cdb7\B380779\atiumd6a.dll
0x00007ff804f80000 - 0x00007ff8053f4000 	C:\WINDOWS\System32\SETUPAPI.dll
0x00007ff804380000 - 0x00007ff8043cd000 	C:\WINDOWS\SYSTEM32\POWRPROF.dll
0x00007ff804360000 - 0x00007ff804373000 	C:\WINDOWS\SYSTEM32\UMPDC.dll
0x00007ffff6e00000 - 0x00007ffff6e35000 	C:\WINDOWS\SYSTEM32\amdihk64.dll
0x00007ffffd5f0000 - 0x00007ffffd63a000 	C:\WINDOWS\SYSTEM32\directxdatabasehelper.dll
0x00007fffe98b0000 - 0x00007fffe9937000 	C:\Program Files\Java\jdk-17\bin\freetype.dll
0x00007fffcbc20000 - 0x00007fffcbcf3000 	C:\Program Files\Java\jdk-17\bin\fontmanager.dll
0x00007fffe9330000 - 0x00007fffe947a000 	C:\WINDOWS\SYSTEM32\textinputframework.dll

dbghelp: loaded successfully - version: 4.0.5 - missing functions: none
symbol engine: initialized successfully - sym options: 0x614 - pdb path: .;C:\Program Files\Java\jdk-17\bin;C:\WINDOWS\SYSTEM32;C:\WINDOWS\WinSxS\amd64_microsoft.windows.common-controls_6595b64144ccf1df_6.0.22621.3235_none_270f74e173860f98;C:\Program Files\Java\jdk-17\bin\server;C:\WINDOWS\System32\DriverStore\FileRepository\u0382224.inf_amd64_c734d32d6997cdb7\B380779

VM Arguments:
jvm_args: -Dfile.encoding=UTF-8 --module-path=C:\Users\Hp\Documents\NetBeansProjects\Bank management system\build\classes 
java_command: bank.management.system.SignupThree
java_class_path (initial): F:\jcalendar-tz-1.3.3-4.jar;F:\mysql-connector-java-8.0.28.jar;C:\Users\Hp\Documents\NetBeansProjects\Bank management system\build\classes
Launcher Type: SUN_STANDARD

[Global flags]
     intx CICompilerCount                          = 4                                         {product} {ergonomic}
     uint ConcGCThreads                            = 3                                         {product} {ergonomic}
     uint G1ConcRefinementThreads                  = 10                                        {product} {ergonomic}
   size_t G1HeapRegionSize                         = 1048576                                   {product} {ergonomic}
    uintx GCDrainStackTargetSize                   = 64                                        {product} {ergonomic}
   size_t InitialHeapSize                          = 123731968                                 {product} {ergonomic}
   size_t MarkStackSize                            = 4194304                                   {product} {ergonomic}
   size_t MaxHeapSize                              = 1973420032                                {product} {ergonomic}
   size_t MaxNewSize                               = 1183842304                                {product} {ergonomic}
   size_t MinHeapDeltaBytes                        = 1048576                                   {product} {ergonomic}
   size_t MinHeapSize                              = 8388608                                   {product} {ergonomic}
    uintx NonNMethodCodeHeapSize                   = 5839372                                {pd product} {ergonomic}
    uintx NonProfiledCodeHeapSize                  = 122909434                              {pd product} {ergonomic}
    uintx ProfiledCodeHeapSize                     = 122909434                              {pd product} {ergonomic}
    uintx ReservedCodeCacheSize                    = 251658240                              {pd product} {ergonomic}
     bool SegmentedCodeCache                       = true                                      {product} {ergonomic}
   size_t SoftMaxHeapSize                          = 1973420032                             {manageable} {ergonomic}
     bool UseCompressedClassPointers               = true                           {product lp64_product} {ergonomic}
     bool UseCompressedOops                        = true                           {product lp64_product} {ergonomic}
     bool UseG1GC                                  = true                                      {product} {ergonomic}
     bool UseLargePagesIndividualAllocation        = false                                  {pd product} {ergonomic}

Logging:
Log output configuration:
 #0: stdout all=warning uptime,level,tags
 #1: stderr all=off uptime,level,tags

Environment Variables:
JAVA_HOME=C:\Users\Hp\AppData\Local\Programs\Eclipse Adoptium\jdk-17.0.9.9-hotspot\
PATH=C:\Program Files\Common Files\Oracle\Java\javapath;C:\windows\system32;C:\windows;C:\windows\System32\Wbem;C:\windows\System32\WindowsPowerShell\v1.0\;C:\windows\System32\OpenSSH\;C:\Program Files (x86)\NVIDIA Corporation\PhysX\Common;C:\Program Files\NVIDIA Corporation\NVIDIA NvDLISR;C:\MinGW\bin;C:\WINDOWS\system32;C:\WINDOWS;C:\WINDOWS\System32\Wbem;C:\WINDOWS\System32\WindowsPowerShell\v1.0\;C:\WINDOWS\System32\OpenSSH\;C:\Program Files\MySQL\MySQL Server 8.0\bin;C:\Program Files\Java\jdk-17\bin;C:\Program Files\Git\cmd;C:\Program Files\MySQL\MySQL Server 8.0\bin;C:\Program Files\MySQL\MySQL Shell 8.0\bin\;C:\Users\Hp\AppData\Local\Programs\Eclipse Adoptium\jdk-17.0.9.9-hotspot\bin;C:\Users\Hp\AppData\Local\Programs\Python\Python311\Scripts\;C:\Users\Hp\AppData\Local\Programs\Python\Python311\;C:\Users\Hp\AppData\Local\Microsoft\WindowsApps;C:\Users\Hp\Desktop\Microsoft VS Code\bin;
USERNAME=Hp
OS=Windows_NT
PROCESSOR_IDENTIFIER=AMD64 Family 25 Model 80 Stepping 0, AuthenticAMD



---------------  S Y S T E M  ---------------

OS:
 Windows 11 , 64 bit Build 22621 (10.0.22621.3374)
OS uptime: 5 days 17:18 hours

CPU: total 12 (initial active 12) (12 cores per cpu, 2 threads per core) family 25 model 80 stepping 0 microcode 0x0, cx8, cmov, fxsr, ht, mmx, 3dnowpref, sse, sse2, sse3, ssse3, sse4a, sse4.1, sse4.2, popcnt, lzcnt, tsc, tscinvbit, avx, avx2, aes, erms, clmul, bmi1, bmi2, adx, sha, fma, vzeroupper, clflush, clflushopt

Memory: 4k page, system-wide physical 7521M (623M free)
TotalPageFile size 31073M (AvailPageFile size 1M)
current process WorkingSet (physical memory assigned to process): 81M, peak: 81M
current process commit charge ("private bytes"): 241M, peak: 243M

vm_info: Java HotSpot(TM) 64-Bit Server VM (17.0.10+11-LTS-240) for windows-amd64 JRE (17.0.10+11-LTS-240), built on Dec 19 2023 21:47:25 by "mach5one" with MS VC++ 17.1 (VS2022)

END.
