#
# There is insufficient memory for the Java Runtime Environment to continue.
# Native memory allocation (malloc) failed to allocate 1048576 bytes for AllocateHeap
# Possible reasons:
#   The system is out of physical RAM or swap space
#   The process is running with CompressedOops enabled, and the Java Heap may be blocking the growth of the native heap
# Possible solutions:
#   Reduce memory load on the system
#   Increase physical memory or swap space
#   Check if swap backing store is full
#   Decrease Java heap size (-Xmx/-Xms)
#   Decrease number of Java threads
#   Decrease Java thread stack sizes (-Xss)
#   Set larger code cache with -XX:ReservedCodeCacheSize=
#   JVM is running with Unscaled Compressed Oops mode in which the Java heap is
#     placed in the first 4GB address space. The Java Heap base address is the
#     maximum limit for the native heap growth. Please use -XX:HeapBaseMinAddress
#     to set the Java Heap base and to place the Java Heap above 4GB virtual address.
# This output file may be truncated or incomplete.
#
#  Out of Memory Error (allocation.cpp:44), pid=27660, tid=28104
#
# JRE version:  (17.0.10+11) (build )
# Java VM: Java HotSpot(TM) 64-Bit Server VM (17.0.10+11-LTS-240, mixed mode, sharing, tiered, compressed oops, compressed class ptrs, g1 gc, windows-amd64)
# No core dump will be written. Minidumps are not enabled by default on client versions of Windows
#

---------------  S U M M A R Y ------------

Command Line: -Dfile.encoding=UTF-8 --module-path=C:\Users\Hp\Documents\NetBeansProjects\Bank management system\build\classes bank.management.system.SignupThree

Host: AMD Ryzen 5 5600H with Radeon Graphics         , 12 cores, 7G,  Windows 11 , 64 bit Build 22621 (10.0.22621.3374)
Time: Sun Jul 28 15:49:27 2024 India Standard Time elapsed time: 0.012424 seconds (0d 0h 0m 0s)

---------------  T H R E A D  ---------------

Current thread (0x0000029403b1fce0):  JavaThread "Unknown thread" [_thread_in_vm, id=28104, stack(0x0000009504c00000,0x0000009504d00000)]

Stack: [0x0000009504c00000,0x0000009504d00000]
Native frames: (J=compiled Java code, j=interpreted, Vv=VM code, C=native code)
V  [jvm.dll+0x677a5a]
V  [jvm.dll+0x7d8b2d]
V  [jvm.dll+0x7da48e]
V  [jvm.dll+0x7daaf3]
V  [jvm.dll+0x2455ff]
V  [jvm.dll+0xa5173]
V  [jvm.dll+0x2d5bd7]
V  [jvm.dll+0x7aa51c]
V  [jvm.dll+0x367911]
V  [jvm.dll+0x789639]
V  [jvm.dll+0x3eb30f]
V  [jvm.dll+0x3ecd91]
C  [jli.dll+0x5297]
C  [ucrtbase.dll+0x29333]
C  [KERNEL32.DLL+0x1257d]
C  [ntdll.dll+0x5aa48]


---------------  P R O C E S S  ---------------

Threads class SMR info:
_java_thread_list=0x00007fff7b276a18, length=0, elements={
}

Java Threads: ( => current thread )

Other Threads:

=>0x0000029403b1fce0 (exited) JavaThread "Unknown thread" [_thread_in_vm, id=28104, stack(0x0000009504c00000,0x0000009504d00000)]

Threads with active compile tasks:

VM state: not at safepoint (not fully initialized)

VM Mutex/Monitor currently owned by a thread: None

Heap address: 0x0000000000000000, size: 0 MB, Compressed Oops mode: 32-bit

CDS archive(s) mapped at: [0x0000000000000000-0x0000000000000000-0x0000000000000000), size 0, SharedBaseAddress: 0x0000000800000000, ArchiveRelocationMode: 1.
Narrow klass base: 0x0000000000000000, Narrow klass shift: 0, Narrow klass range: 0x0

GC Precious Log:
<Empty>

GC Heap History (0 events):
No events

Deoptimization events (0 events):
No events

Classes unloaded (0 events):
No events

Classes redefined (0 events):
No events

Internal exceptions (0 events):
No events

VM Operations (0 events):
No events

Events (1 events):
Event: 0.009 Loaded shared library C:\Program Files\Java\jdk-17\bin\java.dll


Dynamic libraries:
0x00007ff6a4cb0000 - 0x00007ff6a4cc0000 	C:\Program Files\Java\jdk-17\bin\java.exe
0x00007ff807190000 - 0x00007ff8073a6000 	C:\WINDOWS\SYSTEM32\ntdll.dll
0x00007ff805960000 - 0x00007ff805a24000 	C:\WINDOWS\System32\KERNEL32.DLL
0x00007ff804980000 - 0x00007ff804d27000 	C:\WINDOWS\System32\KERNELBASE.dll
0x00007ff804d30000 - 0x00007ff804e41000 	C:\WINDOWS\System32\ucrtbase.dll
0x00007fffd8420000 - 0x00007fffd8439000 	C:\Program Files\Java\jdk-17\bin\jli.dll
0x00007ffffe070000 - 0x00007ffffe08b000 	C:\Program Files\Java\jdk-17\bin\VCRUNTIME140.dll
0x00007ff806fb0000 - 0x00007ff807062000 	C:\WINDOWS\System32\ADVAPI32.dll
0x00007ff806ec0000 - 0x00007ff806f67000 	C:\WINDOWS\System32\msvcrt.dll
0x00007ff805790000 - 0x00007ff805838000 	C:\WINDOWS\System32\sechost.dll
0x00007ff804610000 - 0x00007ff804638000 	C:\WINDOWS\System32\bcrypt.dll
0x00007ff805840000 - 0x00007ff805955000 	C:\WINDOWS\System32\RPCRT4.dll
0x00007ff805fc0000 - 0x00007ff80616e000 	C:\WINDOWS\System32\USER32.dll
0x00007fffee270000 - 0x00007fffee503000 	C:\WINDOWS\WinSxS\amd64_microsoft.windows.common-controls_6595b64144ccf1df_6.0.22621.3235_none_270f74e173860f98\COMCTL32.dll
0x00007ff804640000 - 0x00007ff804666000 	C:\WINDOWS\System32\win32u.dll
0x00007ff805760000 - 0x00007ff805789000 	C:\WINDOWS\System32\GDI32.dll
0x00007ff8046f0000 - 0x00007ff804809000 	C:\WINDOWS\System32\gdi32full.dll
0x00007ff8044b0000 - 0x00007ff80454a000 	C:\WINDOWS\System32\msvcp_win.dll
0x00007ffffc180000 - 0x00007ffffc18a000 	C:\WINDOWS\SYSTEM32\VERSION.dll
0x00007ff806f70000 - 0x00007ff806fa1000 	C:\WINDOWS\System32\IMM32.DLL
0x00007ff801820000 - 0x00007ff80182c000 	C:\Program Files\Java\jdk-17\bin\vcruntime140_1.dll
0x00007fffef870000 - 0x00007fffef8fe000 	C:\Program Files\Java\jdk-17\bin\msvcp140.dll
0x00007fff7a7c0000 - 0x00007fff7b39f000 	C:\Program Files\Java\jdk-17\bin\server\jvm.dll
0x00007ff804ec0000 - 0x00007ff804ec8000 	C:\WINDOWS\System32\PSAPI.DLL
0x00007ffffca20000 - 0x00007ffffca54000 	C:\WINDOWS\SYSTEM32\WINMM.dll
0x00007ff801840000 - 0x00007ff801849000 	C:\WINDOWS\SYSTEM32\WSOCK32.dll
0x00007ff804f00000 - 0x00007ff804f71000 	C:\WINDOWS\System32\WS2_32.dll
0x00007ff8034f0000 - 0x00007ff803508000 	C:\WINDOWS\SYSTEM32\kernel.appcore.dll
0x00007ff8017e0000 - 0x00007ff8017ea000 	C:\Program Files\Java\jdk-17\bin\jimage.dll
0x00007ffff9e00000 - 0x00007ffffa033000 	C:\WINDOWS\SYSTEM32\DBGHELP.DLL
0x00007ff805c30000 - 0x00007ff805fb8000 	C:\WINDOWS\System32\combase.dll
0x00007ff8054b0000 - 0x00007ff805587000 	C:\WINDOWS\System32\OLEAUT32.dll
0x00007fffe6950000 - 0x00007fffe6982000 	C:\WINDOWS\SYSTEM32\dbgcore.DLL
0x00007ff804670000 - 0x00007ff8046e9000 	C:\WINDOWS\System32\bcryptPrimitives.dll
0x00007ffffdd70000 - 0x00007ffffdd95000 	C:\Program Files\Java\jdk-17\bin\java.dll

dbghelp: loaded successfully - version: 4.0.5 - missing functions: none
symbol engine: initialized successfully - sym options: 0x614 - pdb path: .;C:\Program Files\Java\jdk-17\bin;C:\WINDOWS\SYSTEM32;C:\WINDOWS\WinSxS\amd64_microsoft.windows.common-controls_6595b64144ccf1df_6.0.22621.3235_none_270f74e173860f98;C:\Program Files\Java\jdk-17\bin\server

VM Arguments:
jvm_args: -Dfile.encoding=UTF-8 --module-path=C:\Users\Hp\Documents\NetBeansProjects\Bank management system\build\classes 
java_command: bank.management.system.SignupThree
java_class_path (initial): F:\jcalendar-tz-1.3.3-4.jar;F:\mysql-connector-java-8.0.28.jar;C:\Users\Hp\Documents\NetBeansProjects\Bank management system\build\classes
Launcher Type: SUN_STANDARD

[Global flags]
     intx CICompilerCount                          = 4                                         {product} {ergonomic}
     uint ConcGCThreads                            = 3                                         {product} {ergonomic}
     uint G1ConcRefinementThreads                  = 10                                        {product} {ergonomic}
   size_t G1HeapRegionSize                         = 1048576                                   {product} {ergonomic}
    uintx GCDrainStackTargetSize                   = 64                                        {product} {ergonomic}
   size_t InitialHeapSize                          = 123731968                                 {product} {ergonomic}
   size_t MarkStackSize                            = 4194304                                   {product} {ergonomic}
   size_t MaxHeapSize                              = 1973420032                                {product} {ergonomic}
   size_t MinHeapDeltaBytes                        = 1048576                                   {product} {ergonomic}
   size_t MinHeapSize                              = 8388608                                   {product} {ergonomic}
    uintx NonNMethodCodeHeapSize                   = 5839372                                {pd product} {ergonomic}
    uintx NonProfiledCodeHeapSize                  = 122909434                              {pd product} {ergonomic}
    uintx ProfiledCodeHeapSize                     = 122909434                              {pd product} {ergonomic}
    uintx ReservedCodeCacheSize                    = 251658240                              {pd product} {ergonomic}
     bool SegmentedCodeCache                       = true                                      {product} {ergonomic}
   size_t SoftMaxHeapSize                          = 1973420032                             {manageable} {ergonomic}
     bool UseCompressedClassPointers               = true                           {product lp64_product} {ergonomic}
     bool UseCompressedOops                        = true                           {product lp64_product} {ergonomic}
     bool UseG1GC                                  = true                                      {product} {ergonomic}
     bool UseLargePagesIndividualAllocation        = false                                  {pd product} {ergonomic}

Logging:
Log output configuration:
 #0: stdout all=warning uptime,level,tags
 #1: stderr all=off uptime,level,tags

Environment Variables:
JAVA_HOME=C:\Users\Hp\AppData\Local\Programs\Eclipse Adoptium\jdk-17.0.9.9-hotspot\
PATH=C:\Program Files\Common Files\Oracle\Java\javapath;C:\windows\system32;C:\windows;C:\windows\System32\Wbem;C:\windows\System32\WindowsPowerShell\v1.0\;C:\windows\System32\OpenSSH\;C:\Program Files (x86)\NVIDIA Corporation\PhysX\Common;C:\Program Files\NVIDIA Corporation\NVIDIA NvDLISR;C:\MinGW\bin;C:\WINDOWS\system32;C:\WINDOWS;C:\WINDOWS\System32\Wbem;C:\WINDOWS\System32\WindowsPowerShell\v1.0\;C:\WINDOWS\System32\OpenSSH\;C:\Program Files\MySQL\MySQL Server 8.0\bin;C:\Program Files\Java\jdk-17\bin;C:\Program Files\Git\cmd;C:\Program Files\MySQL\MySQL Server 8.0\bin;C:\Program Files\MySQL\MySQL Shell 8.0\bin\;C:\Users\Hp\AppData\Local\Programs\Eclipse Adoptium\jdk-17.0.9.9-hotspot\bin;C:\Users\Hp\AppData\Local\Programs\Python\Python311\Scripts\;C:\Users\Hp\AppData\Local\Programs\Python\Python311\;C:\Users\Hp\AppData\Local\Microsoft\WindowsApps;C:\Users\Hp\Desktop\Microsoft VS Code\bin;
USERNAME=Hp
OS=Windows_NT
PROCESSOR_IDENTIFIER=AMD64 Family 25 Model 80 Stepping 0, AuthenticAMD



---------------  S Y S T E M  ---------------

OS:
 Windows 11 , 64 bit Build 22621 (10.0.22621.3374)
OS uptime: 5 days 17:19 hours

CPU: total 12 (initial active 12) (12 cores per cpu, 2 threads per core) family 25 model 80 stepping 0 microcode 0x0, cx8, cmov, fxsr, ht, mmx, 3dnowpref, sse, sse2, sse3, ssse3, sse4a, sse4.1, sse4.2, popcnt, lzcnt, tsc, tscinvbit, avx, avx2, aes, erms, clmul, bmi1, bmi2, adx, sha, fma, vzeroupper, clflush, clflushopt

Memory: 4k page, system-wide physical 7521M (595M free)
TotalPageFile size 31073M (AvailPageFile size 5M)
current process WorkingSet (physical memory assigned to process): 10M, peak: 10M
current process commit charge ("private bytes"): 15M, peak: 16M

vm_info: Java HotSpot(TM) 64-Bit Server VM (17.0.10+11-LTS-240) for windows-amd64 JRE (17.0.10+11-LTS-240), built on Dec 19 2023 21:47:25 by "mach5one" with MS VC++ 17.1 (VS2022)

END.
