#
# There is insufficient memory for the Java Runtime Environment to continue.
# Native memory allocation (mmap) failed to map 123731968 bytes for G1 virtual space
# Possible reasons:
#   The system is out of physical RAM or swap space
#   The process is running with CompressedOops enabled, and the Java Heap may be blocking the growth of the native heap
# Possible solutions:
#   Reduce memory load on the system
#   Increase physical memory or swap space
#   Check if swap backing store is full
#   Decrease Java heap size (-Xmx/-Xms)
#   Decrease number of Java threads
#   Decrease Java thread stack sizes (-Xss)
#   Set larger code cache with -XX:ReservedCodeCacheSize=
#   JVM is running with Unscaled Compressed Oops mode in which the Java heap is
#     placed in the first 4GB address space. The Java Heap base address is the
#     maximum limit for the native heap growth. Please use -XX:HeapBaseMinAddress
#     to set the Java Heap base and to place the Java Heap above 4GB virtual address.
# This output file may be truncated or incomplete.
#
#  Out of Memory Error (os_windows.cpp:3548), pid=27208, tid=15244
#
# JRE version:  (17.0.10+11) (build )
# Java VM: Java HotSpot(TM) 64-Bit Server VM (17.0.10+11-LTS-240, mixed mode, sharing, tiered, compressed oops, compressed class ptrs, g1 gc, windows-amd64)
# No core dump will be written. Minidumps are not enabled by default on client versions of Windows
#

---------------  S U M M A R Y ------------

Command Line: -Dfile.encoding=UTF-8 --module-path=C:\Users\Hp\Documents\NetBeansProjects\Bank management system\build\classes bank.management.system.Login

Host: AMD Ryzen 5 5600H with Radeon Graphics         , 12 cores, 7G,  Windows 11 , 64 bit Build 22621 (10.0.22621.3374)
Time: Fri Aug  9 14:53:41 2024 India Standard Time elapsed time: 0.007325 seconds (0d 0h 0m 0s)

---------------  T H R E A D  ---------------

Current thread (0x000001abef700190):  JavaThread "Unknown thread" [_thread_in_vm, id=15244, stack(0x0000005857700000,0x0000005857800000)]

Stack: [0x0000005857700000,0x0000005857800000]
Native frames: (J=compiled Java code, j=interpreted, Vv=VM code, C=native code)
V  [jvm.dll+0x677a5a]
V  [jvm.dll+0x7d8b2d]
V  [jvm.dll+0x7da48e]
V  [jvm.dll+0x7daaf3]
V  [jvm.dll+0x2455ff]
V  [jvm.dll+0x6749b9]
V  [jvm.dll+0x669382]
V  [jvm.dll+0x302e96]
V  [jvm.dll+0x30a416]
V  [jvm.dll+0x359cbe]
V  [jvm.dll+0x359eef]
V  [jvm.dll+0x2d9e88]
V  [jvm.dll+0x2dadf4]
V  [jvm.dll+0x7aa551]
V  [jvm.dll+0x367911]
V  [jvm.dll+0x789639]
V  [jvm.dll+0x3eb30f]
V  [jvm.dll+0x3ecd91]
C  [jli.dll+0x5297]
C  [ucrtbase.dll+0x29333]
C  [KERNEL32.DLL+0x1257d]
C  [ntdll.dll+0x5aa48]


---------------  P R O C E S S  ---------------

Threads class SMR info:
_java_thread_list=0x00007ffbcfe76a18, length=0, elements={
}

Java Threads: ( => current thread )

Other Threads:
  0x000001abef755080 GCTaskThread "GC Thread#0" [stack: 0x0000005857800000,0x0000005857900000] [id=29984]
  0x000001abef764b10 ConcurrentGCThread "G1 Main Marker" [stack: 0x0000005857900000,0x0000005857a00000] [id=30776]
  0x000001abef765cc0 ConcurrentGCThread "G1 Conc#0" [stack: 0x0000005857a00000,0x0000005857b00000] [id=29172]

[error occurred during error reporting (printing all threads), id 0xc0000005, EXCEPTION_ACCESS_VIOLATION (0xc0000005) at pc=0x00007ffbcf6aaae7]

VM state: not at safepoint (not fully initialized)

VM Mutex/Monitor currently owned by a thread:  ([mutex/lock_event])
[0x000001abef6fc960] Heap_lock - owner thread: 0x000001abef700190

Heap address: 0x000000008a600000, size: 1882 MB, Compressed Oops mode: 32-bit

CDS archive(s) mapped at: [0x0000000000000000-0x0000000000000000-0x0000000000000000), size 0, SharedBaseAddress: 0x0000000800000000, ArchiveRelocationMode: 1.
Narrow klass base: 0x0000000000000000, Narrow klass shift: 0, Narrow klass range: 0x0

GC Precious Log:
<Empty>

Heap:
 garbage-first heap   total 0K, used 0K [0x000000008a600000, 0x0000000100000000)
  region size 1024K, 0 young (0K), 0 survivors (0K)

[error occurred during error reporting (printing heap information), id 0xc0000005, EXCEPTION_ACCESS_VIOLATION (0xc0000005) at pc=0x00007ffbcfa91249]

GC Heap History (0 events):
No events

Deoptimization events (0 events):
No events

Classes unloaded (0 events):
No events

Classes redefined (0 events):
No events

Internal exceptions (0 events):
No events

VM Operations (0 events):
No events

Events (1 events):
Event: 0.005 Loaded shared library C:\Program Files\Java\jdk-17\bin\java.dll


Dynamic libraries:
0x00007ff631da0000 - 0x00007ff631db0000 	C:\Program Files\Java\jdk-17\bin\java.exe
0x00007ffc3e490000 - 0x00007ffc3e6a6000 	C:\WINDOWS\SYSTEM32\ntdll.dll
0x00007ffc3d550000 - 0x00007ffc3d614000 	C:\WINDOWS\System32\KERNEL32.DLL
0x00007ffc3ba90000 - 0x00007ffc3be37000 	C:\WINDOWS\System32\KERNELBASE.dll
0x00007ffc3be40000 - 0x00007ffc3bf51000 	C:\WINDOWS\System32\ucrtbase.dll
0x00007ffc25b70000 - 0x00007ffc25b89000 	C:\Program Files\Java\jdk-17\bin\jli.dll
0x00007ffc35110000 - 0x00007ffc3512b000 	C:\Program Files\Java\jdk-17\bin\VCRUNTIME140.dll
0x00007ffc3e390000 - 0x00007ffc3e442000 	C:\WINDOWS\System32\ADVAPI32.dll
0x00007ffc3c750000 - 0x00007ffc3c7f7000 	C:\WINDOWS\System32\msvcrt.dll
0x00007ffc3df10000 - 0x00007ffc3dfb8000 	C:\WINDOWS\System32\sechost.dll
0x00007ffc3b7e0000 - 0x00007ffc3b808000 	C:\WINDOWS\System32\bcrypt.dll
0x00007ffc3dca0000 - 0x00007ffc3ddb5000 	C:\WINDOWS\System32\RPCRT4.dll
0x00007ffc3d630000 - 0x00007ffc3d7de000 	C:\WINDOWS\System32\USER32.dll
0x00007ffc3b7b0000 - 0x00007ffc3b7d6000 	C:\WINDOWS\System32\win32u.dll
0x00007ffc3c5c0000 - 0x00007ffc3c5e9000 	C:\WINDOWS\System32\GDI32.dll
0x00007ffc25030000 - 0x00007ffc252c3000 	C:\WINDOWS\WinSxS\amd64_microsoft.windows.common-controls_6595b64144ccf1df_6.0.22621.3235_none_270f74e173860f98\COMCTL32.dll
0x00007ffc3b8d0000 - 0x00007ffc3b9e9000 	C:\WINDOWS\System32\gdi32full.dll
0x00007ffc3b9f0000 - 0x00007ffc3ba8a000 	C:\WINDOWS\System32\msvcp_win.dll
0x00007ffc32b70000 - 0x00007ffc32b7a000 	C:\WINDOWS\SYSTEM32\VERSION.dll
0x00007ffc3d7e0000 - 0x00007ffc3d811000 	C:\WINDOWS\System32\IMM32.DLL
0x00007ffc35100000 - 0x00007ffc3510c000 	C:\Program Files\Java\jdk-17\bin\vcruntime140_1.dll
0x00007ffc1cae0000 - 0x00007ffc1cb6e000 	C:\Program Files\Java\jdk-17\bin\msvcp140.dll
0x00007ffbcf3c0000 - 0x00007ffbcff9f000 	C:\Program Files\Java\jdk-17\bin\server\jvm.dll
0x00007ffc3de20000 - 0x00007ffc3de28000 	C:\WINDOWS\System32\PSAPI.DLL
0x00007ffc339a0000 - 0x00007ffc339d4000 	C:\WINDOWS\SYSTEM32\WINMM.dll
0x00007ffc37150000 - 0x00007ffc37159000 	C:\WINDOWS\SYSTEM32\WSOCK32.dll
0x00007ffc3d1e0000 - 0x00007ffc3d251000 	C:\WINDOWS\System32\WS2_32.dll
0x00007ffc3a7f0000 - 0x00007ffc3a808000 	C:\WINDOWS\SYSTEM32\kernel.appcore.dll
0x00007ffc26570000 - 0x00007ffc2657a000 	C:\Program Files\Java\jdk-17\bin\jimage.dll
0x00007ffc31140000 - 0x00007ffc31373000 	C:\WINDOWS\SYSTEM32\DBGHELP.DLL
0x00007ffc3c1d0000 - 0x00007ffc3c558000 	C:\WINDOWS\System32\combase.dll
0x00007ffc3d100000 - 0x00007ffc3d1d7000 	C:\WINDOWS\System32\OLEAUT32.dll
0x00007ffc1c130000 - 0x00007ffc1c162000 	C:\WINDOWS\SYSTEM32\dbgcore.DLL
0x00007ffc3bf60000 - 0x00007ffc3bfd9000 	C:\WINDOWS\System32\bcryptPrimitives.dll
0x00007ffc20470000 - 0x00007ffc20495000 	C:\Program Files\Java\jdk-17\bin\java.dll

dbghelp: loaded successfully - version: 4.0.5 - missing functions: none
symbol engine: initialized successfully - sym options: 0x614 - pdb path: .;C:\Program Files\Java\jdk-17\bin;C:\WINDOWS\SYSTEM32;C:\WINDOWS\WinSxS\amd64_microsoft.windows.common-controls_6595b64144ccf1df_6.0.22621.3235_none_270f74e173860f98;C:\Program Files\Java\jdk-17\bin\server

VM Arguments:
jvm_args: -Dfile.encoding=UTF-8 --module-path=C:\Users\Hp\Documents\NetBeansProjects\Bank management system\build\classes 
java_command: bank.management.system.Login
java_class_path (initial): F:\jcalendar-tz-1.3.3-4.jar;F:\mysql-connector-java-8.0.28.jar;C:\Users\Hp\Documents\NetBeansProjects\Bank management system\build\classes
Launcher Type: SUN_STANDARD

[Global flags]
     intx CICompilerCount                          = 4                                         {product} {ergonomic}
     uint ConcGCThreads                            = 3                                         {product} {ergonomic}
     uint G1ConcRefinementThreads                  = 10                                        {product} {ergonomic}
   size_t G1HeapRegionSize                         = 1048576                                   {product} {ergonomic}
    uintx GCDrainStackTargetSize                   = 64                                        {product} {ergonomic}
   size_t InitialHeapSize                          = 123731968                                 {product} {ergonomic}
   size_t MarkStackSize                            = 4194304                                   {product} {ergonomic}
   size_t MaxHeapSize                              = 1973420032                                {product} {ergonomic}
   size_t MinHeapDeltaBytes                        = 1048576                                   {product} {ergonomic}
   size_t MinHeapSize                              = 8388608                                   {product} {ergonomic}
    uintx NonNMethodCodeHeapSize                   = 5839372                                {pd product} {ergonomic}
    uintx NonProfiledCodeHeapSize                  = 122909434                              {pd product} {ergonomic}
    uintx ProfiledCodeHeapSize                     = 122909434                              {pd product} {ergonomic}
    uintx ReservedCodeCacheSize                    = 251658240                              {pd product} {ergonomic}
     bool SegmentedCodeCache                       = true                                      {product} {ergonomic}
   size_t SoftMaxHeapSize                          = 1973420032                             {manageable} {ergonomic}
     bool UseCompressedClassPointers               = true                           {product lp64_product} {ergonomic}
     bool UseCompressedOops                        = true                           {product lp64_product} {ergonomic}
     bool UseG1GC                                  = true                                      {product} {ergonomic}
     bool UseLargePagesIndividualAllocation        = false                                  {pd product} {ergonomic}

Logging:
Log output configuration:
 #0: stdout all=warning uptime,level,tags
 #1: stderr all=off uptime,level,tags

Environment Variables:
JAVA_HOME=C:\Users\Hp\AppData\Local\Programs\Eclipse Adoptium\jdk-17.0.9.9-hotspot\
PATH=C:\Program Files\Common Files\Oracle\Java\javapath;C:\windows\system32;C:\windows;C:\windows\System32\Wbem;C:\windows\System32\WindowsPowerShell\v1.0\;C:\windows\System32\OpenSSH\;C:\Program Files (x86)\NVIDIA Corporation\PhysX\Common;C:\Program Files\NVIDIA Corporation\NVIDIA NvDLISR;C:\MinGW\bin;C:\WINDOWS\system32;C:\WINDOWS;C:\WINDOWS\System32\Wbem;C:\WINDOWS\System32\WindowsPowerShell\v1.0\;C:\WINDOWS\System32\OpenSSH\;C:\Program Files\MySQL\MySQL Server 8.0\bin;C:\Program Files\Java\jdk-17\bin;C:\Program Files\Git\cmd;C:\Program Files\MySQL\MySQL Server 8.0\bin;C:\Program Files\MySQL\MySQL Shell 8.0\bin\;C:\Users\Hp\AppData\Local\Programs\Eclipse Adoptium\jdk-17.0.9.9-hotspot\bin;C:\Users\Hp\AppData\Local\Programs\Python\Python311\Scripts\;C:\Users\Hp\AppData\Local\Programs\Python\Python311\;C:\Users\Hp\AppData\Local\Microsoft\WindowsApps;C:\Users\Hp\Desktop\Microsoft VS Code\bin;
USERNAME=Hp
OS=Windows_NT
PROCESSOR_IDENTIFIER=AMD64 Family 25 Model 80 Stepping 0, AuthenticAMD



---------------  S Y S T E M  ---------------

OS:
 Windows 11 , 64 bit Build 22621 (10.0.22621.3374)
OS uptime: 11 days 23:00 hours

CPU: total 12 (initial active 12) (12 cores per cpu, 2 threads per core) family 25 model 80 stepping 0 microcode 0x0, cx8, cmov, fxsr, ht, mmx, 3dnowpref, sse, sse2, sse3, ssse3, sse4a, sse4.1, sse4.2, popcnt, lzcnt, tsc, tscinvbit, avx, avx2, aes, erms, clmul, bmi1, bmi2, adx, sha, fma, vzeroupper, clflush, clflushopt

Memory: 4k page, system-wide physical 7521M (464M free)
TotalPageFile size 31073M (AvailPageFile size 83M)
current process WorkingSet (physical memory assigned to process): 11M, peak: 11M
current process commit charge ("private bytes"): 64M, peak: 182M

vm_info: Java HotSpot(TM) 64-Bit Server VM (17.0.10+11-LTS-240) for windows-amd64 JRE (17.0.10+11-LTS-240), built on Dec 19 2023 21:47:25 by "mach5one" with MS VC++ 17.1 (VS2022)

END.
